0:0.2086
2:0.2098
4:0.2244
5:0.4414
6:0.3342
7:0.3284
8:0.2160
9:0.5538
10:0.4386
13:0.3236
14:0.2182
15:0.3346
16:0.2236
17:0.2046
18:0.2106
19:0.2150
21:0.3380
23:0.3364
24:0.3194
26:0.2156
27:0.2156
28:0.2196
30:0.2152
31:0.4434
32:0.2170
33:0.2160
34:0.2144
38:0.3268
39:0.2220
40:0.3402
41:0.3236
43:0.2182
5,7:0.2698
5,9:0.2976
5,10:0.2810
5,15:0.2748
5,23:0.2776
5,31:0.3852
5,41:0.2730
7,15:0.2596
7,31:0.2714
9,10:0.2918
9,21:0.2862
9,23:0.2902
9,31:0.2978
9,38:0.2802
9,40:0.2870
9,41:0.2858
10,13:0.2686
10,24:0.2660
10,31:0.2816
13,24:0.2556
15,31:0.2722
21,40:0.2646
23,31:0.2796
23,41:0.2638
31,41:0.2726
5,7,15:0.2546
5,7,31:0.2644
5,9,23:0.2604
5,9,31:0.2716
5,9,41:0.2610
5,10,31:0.2640
5,15,31:0.2670
5,23,31:0.2706
5,23,41:0.2576
5,31,41:0.2670
7,15,31:0.2538
9,21,40:0.2582
9,23,31:0.2628
9,23,41:0.2602
9,31,41:0.2608
10,13,24:0.2494
23,31,41:0.2576
5,7,15,31:0.2538
5,9,23,31:0.2580
5,9,23,41:0.2566
5,9,31,41:0.2580
5,23,31,41:0.2570
9,23,31,41:0.2570
5,9,23,31,41:0.2564
